<?xml version="1.0" encoding="UTF-8"?>
<testsuite name="digibits.BattleTest" tests="6" skipped="0" failures="0" errors="0" timestamp="2019-11-30T10:03:50" hostname="sovereign" time="0.083">
  <properties/>
  <testcase name="monstersDieWhenHpIsBelowZero" classname="digibits.BattleTest" time="0.07"/>
  <testcase name="aRoundConsistsOfMovesFromTwoPlayers" classname="digibits.BattleTest" time="0.003"/>
  <testcase name="monstersCanBeDifferent" classname="digibits.BattleTest" time="0.002"/>
  <testcase name="monstersCanDoSpecialAttacks" classname="digibits.BattleTest" time="0.002"/>
  <testcase name="monstersCanWait" classname="digibits.BattleTest" time="0.002"/>
  <testcase name="monstersCanRunOutOfMana" classname="digibits.BattleTest" time="0.003"/>
  <system-out><![CDATA[Monster(name=Sven, dna=Dna{  health: 53,
  stamina: 8,
  strength: 8,
  defense: 12,
  mana: 47,
  regeneration: 20,
  power: 2,
  resistance: 28,
  speed: 16,
  evasion: 22,
}, takenDamage=0, manaSpent=0)
Monster(name=Yarl, dna=Dna{  health: 54,
  stamina: 27,
  strength: 20,
  defense: 8,
  mana: 49,
  regeneration: 12,
  power: 13,
  resistance: 20,
  speed: 30,
  evasion: 21,
}, takenDamage=0, manaSpent=0)
Monster(name=Freya, dna=Dna{  health: 56,
  stamina: 16,
  strength: 14,
  defense: 12,
  mana: 49,
  regeneration: 20,
  power: 1,
  resistance: 19,
  speed: 10,
  evasion: 20,
}, takenDamage=0, manaSpent=0)
Monster(name=Ort, dna=Dna{  health: 37,
  stamina: 29,
  strength: 31,
  defense: 7,
  mana: 48,
  regeneration: 30,
  power: 17,
  resistance: 15,
  speed: 29,
  evasion: 31,
}, takenDamage=0, manaSpent=0)
Monster(name=Sven, dna=Dna{  health: 53,
  stamina: 8,
  strength: 8,
  defense: 12,
  mana: 47,
  regeneration: 20,
  power: 2,
  resistance: 28,
  speed: 16,
  evasion: 22,
}, takenDamage=0, manaSpent=0)
Monster(name=Yarl, dna=Dna{  health: 54,
  stamina: 27,
  strength: 20,
  defense: 8,
  mana: 49,
  regeneration: 12,
  power: 13,
  resistance: 20,
  speed: 30,
  evasion: 21,
}, takenDamage=0, manaSpent=0)
Monster(name=Freya, dna=Dna{  health: 56,
  stamina: 16,
  strength: 14,
  defense: 12,
  mana: 49,
  regeneration: 20,
  power: 1,
  resistance: 19,
  speed: 10,
  evasion: 20,
}, takenDamage=0, manaSpent=0)
Monster(name=Ort, dna=Dna{  health: 37,
  stamina: 29,
  strength: 31,
  defense: 7,
  mana: 48,
  regeneration: 30,
  power: 17,
  resistance: 15,
  speed: 29,
  evasion: 31,
}, takenDamage=0, manaSpent=0)
Monster(name=Sven, dna=Dna{  health: 53,
  stamina: 8,
  strength: 8,
  defense: 12,
  mana: 47,
  regeneration: 20,
  power: 2,
  resistance: 28,
  speed: 16,
  evasion: 22,
}, takenDamage=0, manaSpent=0)
Monster(name=Yarl, dna=Dna{  health: 54,
  stamina: 27,
  strength: 20,
  defense: 8,
  mana: 49,
  regeneration: 12,
  power: 13,
  resistance: 20,
  speed: 30,
  evasion: 21,
}, takenDamage=0, manaSpent=0)
Monster(name=Freya, dna=Dna{  health: 56,
  stamina: 16,
  strength: 14,
  defense: 12,
  mana: 49,
  regeneration: 20,
  power: 1,
  resistance: 19,
  speed: 10,
  evasion: 20,
}, takenDamage=0, manaSpent=0)
Monster(name=Ort, dna=Dna{  health: 37,
  stamina: 29,
  strength: 31,
  defense: 7,
  mana: 48,
  regeneration: 30,
  power: 17,
  resistance: 15,
  speed: 29,
  evasion: 31,
}, takenDamage=0, manaSpent=0)
Monster(name=Sven, dna=Dna{  health: 53,
  stamina: 8,
  strength: 8,
  defense: 12,
  mana: 47,
  regeneration: 20,
  power: 2,
  resistance: 28,
  speed: 16,
  evasion: 22,
}, takenDamage=0, manaSpent=0)
Monster(name=Yarl, dna=Dna{  health: 54,
  stamina: 27,
  strength: 20,
  defense: 8,
  mana: 49,
  regeneration: 12,
  power: 13,
  resistance: 20,
  speed: 30,
  evasion: 21,
}, takenDamage=0, manaSpent=0)
Monster(name=Freya, dna=Dna{  health: 56,
  stamina: 16,
  strength: 14,
  defense: 12,
  mana: 49,
  regeneration: 20,
  power: 1,
  resistance: 19,
  speed: 10,
  evasion: 20,
}, takenDamage=0, manaSpent=0)
Monster(name=Ort, dna=Dna{  health: 37,
  stamina: 29,
  strength: 31,
  defense: 7,
  mana: 48,
  regeneration: 30,
  power: 17,
  resistance: 15,
  speed: 29,
  evasion: 31,
}, takenDamage=0, manaSpent=0)
Monster(name=Sven, dna=Dna{  health: 53,
  stamina: 8,
  strength: 8,
  defense: 12,
  mana: 47,
  regeneration: 20,
  power: 2,
  resistance: 28,
  speed: 16,
  evasion: 22,
}, takenDamage=0, manaSpent=0)
Monster(name=Yarl, dna=Dna{  health: 54,
  stamina: 27,
  strength: 20,
  defense: 8,
  mana: 49,
  regeneration: 12,
  power: 13,
  resistance: 20,
  speed: 30,
  evasion: 21,
}, takenDamage=0, manaSpent=0)
Monster(name=Freya, dna=Dna{  health: 56,
  stamina: 16,
  strength: 14,
  defense: 12,
  mana: 49,
  regeneration: 20,
  power: 1,
  resistance: 19,
  speed: 10,
  evasion: 20,
}, takenDamage=0, manaSpent=0)
Monster(name=Ort, dna=Dna{  health: 37,
  stamina: 29,
  strength: 31,
  defense: 7,
  mana: 48,
  regeneration: 30,
  power: 17,
  resistance: 15,
  speed: 29,
  evasion: 31,
}, takenDamage=0, manaSpent=0)
Monster(name=Sven, dna=Dna{  health: 53,
  stamina: 8,
  strength: 8,
  defense: 12,
  mana: 47,
  regeneration: 20,
  power: 2,
  resistance: 28,
  speed: 16,
  evasion: 22,
}, takenDamage=0, manaSpent=0)
Monster(name=Yarl, dna=Dna{  health: 54,
  stamina: 27,
  strength: 20,
  defense: 8,
  mana: 49,
  regeneration: 12,
  power: 13,
  resistance: 20,
  speed: 30,
  evasion: 21,
}, takenDamage=0, manaSpent=0)
Monster(name=Freya, dna=Dna{  health: 56,
  stamina: 16,
  strength: 14,
  defense: 12,
  mana: 49,
  regeneration: 20,
  power: 1,
  resistance: 19,
  speed: 10,
  evasion: 20,
}, takenDamage=0, manaSpent=0)
Monster(name=Ort, dna=Dna{  health: 37,
  stamina: 29,
  strength: 31,
  defense: 7,
  mana: 48,
  regeneration: 30,
  power: 17,
  resistance: 15,
  speed: 29,
  evasion: 31,
}, takenDamage=0, manaSpent=0)
]]></system-out>
  <system-err><![CDATA[]]></system-err>
</testsuite>
